08:15:34.442 [] [main] INFO  c.n.c.c.l.StartingApplicationListener - [logClusterConf,211] - The file server IP list of Kernel is []
08:15:35.449 [] [com.netty100.cluster.core.cap-starting.0] INFO  c.n.c.c.l.StartingApplicationListener - [lambda$logStarting$0,244] - kernel is starting...
08:15:36.464 [] [com.netty100.cluster.core.cap-starting.0] INFO  c.n.c.c.l.StartingApplicationListener - [lambda$logStarting$0,244] - kernel is starting...
08:15:37.471 [] [com.netty100.cluster.core.cap-starting.0] INFO  c.n.c.c.l.StartingApplicationListener - [lambda$logStarting$0,244] - kernel is starting...
08:15:38.487 [] [com.netty100.cluster.core.cap-starting.0] INFO  c.n.c.c.l.StartingApplicationListener - [lambda$logStarting$0,244] - kernel is starting...
08:15:39.495 [] [com.netty100.cluster.core.cap-starting.0] INFO  c.n.c.c.l.StartingApplicationListener - [lambda$logStarting$0,244] - kernel is starting...
08:15:40.509 [] [com.netty100.cluster.core.cap-starting.0] INFO  c.n.c.c.l.StartingApplicationListener - [lambda$logStarting$0,244] - kernel is starting...
08:15:41.511 [] [com.netty100.cluster.core.cap-starting.0] INFO  c.n.c.c.l.StartingApplicationListener - [lambda$logStarting$0,244] - kernel is starting...
08:15:42.524 [] [com.netty100.cluster.core.cap-starting.0] INFO  c.n.c.c.l.StartingApplicationListener - [lambda$logStarting$0,244] - kernel is starting...
08:15:43.534 [] [com.netty100.cluster.core.cap-starting.0] INFO  c.n.c.c.l.StartingApplicationListener - [lambda$logStarting$0,244] - kernel is starting...
08:15:44.539 [] [com.netty100.cluster.core.cap-starting.0] INFO  c.n.c.c.l.StartingApplicationListener - [lambda$logStarting$0,244] - kernel is starting...
08:15:45.551 [] [com.netty100.cluster.core.cap-starting.0] INFO  c.n.c.c.l.StartingApplicationListener - [lambda$logStarting$0,244] - kernel is starting...
08:15:46.553 [] [com.netty100.cluster.core.cap-starting.0] INFO  c.n.c.c.l.StartingApplicationListener - [lambda$logStarting$0,244] - kernel is starting...
08:15:47.565 [] [com.netty100.cluster.core.cap-starting.0] INFO  c.n.c.c.l.StartingApplicationListener - [lambda$logStarting$0,244] - kernel is starting...
08:15:48.576 [] [com.netty100.cluster.core.cap-starting.0] INFO  c.n.c.c.l.StartingApplicationListener - [lambda$logStarting$0,244] - kernel is starting...
08:15:49.587 [] [com.netty100.cluster.core.cap-starting.0] INFO  c.n.c.c.l.StartingApplicationListener - [lambda$logStarting$0,244] - kernel is starting...
08:15:50.600 [] [com.netty100.cluster.core.cap-starting.0] INFO  c.n.c.c.l.StartingApplicationListener - [lambda$logStarting$0,244] - kernel is starting...
08:15:51.613 [] [com.netty100.cluster.core.cap-starting.0] INFO  c.n.c.c.l.StartingApplicationListener - [lambda$logStarting$0,244] - kernel is starting...
08:15:52.623 [] [com.netty100.cluster.core.cap-starting.0] INFO  c.n.c.c.l.StartingApplicationListener - [lambda$logStarting$0,244] - kernel is starting...
08:15:53.635 [] [com.netty100.cluster.core.cap-starting.0] INFO  c.n.c.c.l.StartingApplicationListener - [lambda$logStarting$0,244] - kernel is starting...
08:15:54.642 [] [com.netty100.cluster.core.cap-starting.0] INFO  c.n.c.c.l.StartingApplicationListener - [lambda$logStarting$0,244] - kernel is starting...
08:15:55.656 [] [com.netty100.cluster.core.cap-starting.0] INFO  c.n.c.c.l.StartingApplicationListener - [lambda$logStarting$0,244] - kernel is starting...
08:15:56.674 [] [com.netty100.cluster.core.cap-starting.0] INFO  c.n.c.c.l.StartingApplicationListener - [lambda$logStarting$0,244] - kernel is starting...
08:15:57.685 [] [com.netty100.cluster.core.cap-starting.0] INFO  c.n.c.c.l.StartingApplicationListener - [lambda$logStarting$0,244] - kernel is starting...
08:15:58.700 [] [com.netty100.cluster.core.cap-starting.0] INFO  c.n.c.c.l.StartingApplicationListener - [lambda$logStarting$0,244] - kernel is starting...
08:15:59.706 [] [com.netty100.cluster.core.cap-starting.0] INFO  c.n.c.c.l.StartingApplicationListener - [lambda$logStarting$0,244] - kernel is starting...
08:16:00.722 [] [com.netty100.cluster.core.cap-starting.0] INFO  c.n.c.c.l.StartingApplicationListener - [lambda$logStarting$0,244] - kernel is starting...
08:16:01.739 [] [com.netty100.cluster.core.cap-starting.0] INFO  c.n.c.c.l.StartingApplicationListener - [lambda$logStarting$0,244] - kernel is starting...
08:16:02.750 [] [com.netty100.cluster.core.cap-starting.0] INFO  c.n.c.c.l.StartingApplicationListener - [lambda$logStarting$0,244] - kernel is starting...
08:16:03.756 [] [com.netty100.cluster.core.cap-starting.0] INFO  c.n.c.c.l.StartingApplicationListener - [lambda$logStarting$0,244] - kernel is starting...
08:16:04.770 [] [com.netty100.cluster.core.cap-starting.0] INFO  c.n.c.c.l.StartingApplicationListener - [lambda$logStarting$0,244] - kernel is starting...
08:16:05.778 [] [com.netty100.cluster.core.cap-starting.0] INFO  c.n.c.c.l.StartingApplicationListener - [lambda$logStarting$0,244] - kernel is starting...
08:16:06.796 [] [com.netty100.cluster.core.cap-starting.0] INFO  c.n.c.c.l.StartingApplicationListener - [lambda$logStarting$0,244] - kernel is starting...
08:16:07.810 [] [com.netty100.cluster.core.cap-starting.0] INFO  c.n.c.c.l.StartingApplicationListener - [lambda$logStarting$0,244] - kernel is starting...
08:16:08.815 [] [com.netty100.cluster.core.cap-starting.0] INFO  c.n.c.c.l.StartingApplicationListener - [lambda$logStarting$0,244] - kernel is starting...
08:16:09.829 [] [com.netty100.cluster.core.cap-starting.0] INFO  c.n.c.c.l.StartingApplicationListener - [lambda$logStarting$0,244] - kernel is starting...
08:16:10.832 [] [com.netty100.cluster.core.cap-starting.0] INFO  c.n.c.c.l.StartingApplicationListener - [lambda$logStarting$0,244] - kernel is starting...
08:16:11.843 [] [com.netty100.cluster.core.cap-starting.0] INFO  c.n.c.c.l.StartingApplicationListener - [lambda$logStarting$0,244] - kernel is starting...
08:16:12.852 [] [com.netty100.cluster.core.cap-starting.0] INFO  c.n.c.c.l.StartingApplicationListener - [lambda$logStarting$0,244] - kernel is starting...
08:16:13.862 [] [com.netty100.cluster.core.cap-starting.0] INFO  c.n.c.c.l.StartingApplicationListener - [lambda$logStarting$0,244] - kernel is starting...
08:16:14.866 [] [com.netty100.cluster.core.cap-starting.0] INFO  c.n.c.c.l.StartingApplicationListener - [lambda$logStarting$0,244] - kernel is starting...
08:16:15.881 [] [com.netty100.cluster.core.cap-starting.0] INFO  c.n.c.c.l.StartingApplicationListener - [lambda$logStarting$0,244] - kernel is starting...
08:16:16.883 [] [com.netty100.cluster.core.cap-starting.0] INFO  c.n.c.c.l.StartingApplicationListener - [lambda$logStarting$0,244] - kernel is starting...
08:16:17.897 [] [com.netty100.cluster.core.cap-starting.0] INFO  c.n.c.c.l.StartingApplicationListener - [lambda$logStarting$0,244] - kernel is starting...
08:16:18.910 [] [com.netty100.cluster.core.cap-starting.0] INFO  c.n.c.c.l.StartingApplicationListener - [lambda$logStarting$0,244] - kernel is starting...
08:16:19.911 [] [com.netty100.cluster.core.cap-starting.0] INFO  c.n.c.c.l.StartingApplicationListener - [lambda$logStarting$0,244] - kernel is starting...
08:16:20.920 [] [com.netty100.cluster.core.cap-starting.0] INFO  c.n.c.c.l.StartingApplicationListener - [lambda$logStarting$0,244] - kernel is starting...
08:16:21.923 [] [com.netty100.cluster.core.cap-starting.0] INFO  c.n.c.c.l.StartingApplicationListener - [lambda$logStarting$0,244] - kernel is starting...
08:16:22.934 [] [com.netty100.cluster.core.cap-starting.0] INFO  c.n.c.c.l.StartingApplicationListener - [lambda$logStarting$0,244] - kernel is starting...
08:16:23.945 [] [com.netty100.cluster.core.cap-starting.0] INFO  c.n.c.c.l.StartingApplicationListener - [lambda$logStarting$0,244] - kernel is starting...
08:16:24.957 [] [com.netty100.cluster.core.cap-starting.0] INFO  c.n.c.c.l.StartingApplicationListener - [lambda$logStarting$0,244] - kernel is starting...
08:16:25.965 [] [com.netty100.cluster.core.cap-starting.0] INFO  c.n.c.c.l.StartingApplicationListener - [lambda$logStarting$0,244] - kernel is starting...
08:16:26.967 [] [com.netty100.cluster.core.cap-starting.0] INFO  c.n.c.c.l.StartingApplicationListener - [lambda$logStarting$0,244] - kernel is starting...
08:16:27.982 [] [com.netty100.cluster.core.cap-starting.0] INFO  c.n.c.c.l.StartingApplicationListener - [lambda$logStarting$0,244] - kernel is starting...
08:16:28.993 [] [com.netty100.cluster.core.cap-starting.0] INFO  c.n.c.c.l.StartingApplicationListener - [lambda$logStarting$0,244] - kernel is starting...
08:16:29.998 [] [com.netty100.cluster.core.cap-starting.0] INFO  c.n.c.c.l.StartingApplicationListener - [lambda$logStarting$0,244] - kernel is starting...
08:16:31.013 [] [com.netty100.cluster.core.cap-starting.0] INFO  c.n.c.c.l.StartingApplicationListener - [lambda$logStarting$0,244] - kernel is starting...
08:16:32.031 [] [com.netty100.cluster.core.cap-starting.0] INFO  c.n.c.c.l.StartingApplicationListener - [lambda$logStarting$0,244] - kernel is starting...
08:16:33.035 [] [com.netty100.cluster.core.cap-starting.0] INFO  c.n.c.c.l.StartingApplicationListener - [lambda$logStarting$0,244] - kernel is starting...
08:16:34.047 [] [com.netty100.cluster.core.cap-starting.0] INFO  c.n.c.c.l.StartingApplicationListener - [lambda$logStarting$0,244] - kernel is starting...
08:16:35.050 [] [com.netty100.cluster.core.cap-starting.0] INFO  c.n.c.c.l.StartingApplicationListener - [lambda$logStarting$0,244] - kernel is starting...
08:16:36.057 [] [com.netty100.cluster.core.cap-starting.0] INFO  c.n.c.c.l.StartingApplicationListener - [lambda$logStarting$0,244] - kernel is starting...
08:16:37.064 [] [com.netty100.cluster.core.cap-starting.0] INFO  c.n.c.c.l.StartingApplicationListener - [lambda$logStarting$0,244] - kernel is starting...
08:16:38.081 [] [com.netty100.cluster.core.cap-starting.0] INFO  c.n.c.c.l.StartingApplicationListener - [lambda$logStarting$0,244] - kernel is starting...
08:16:39.091 [] [com.netty100.cluster.core.cap-starting.0] INFO  c.n.c.c.l.StartingApplicationListener - [lambda$logStarting$0,244] - kernel is starting...
08:16:40.092 [] [com.netty100.cluster.core.cap-starting.0] INFO  c.n.c.c.l.StartingApplicationListener - [lambda$logStarting$0,244] - kernel is starting...
08:16:41.101 [] [com.netty100.cluster.core.cap-starting.0] INFO  c.n.c.c.l.StartingApplicationListener - [lambda$logStarting$0,244] - kernel is starting...
08:16:42.107 [] [com.netty100.cluster.core.cap-starting.0] INFO  c.n.c.c.l.StartingApplicationListener - [lambda$logStarting$0,244] - kernel is starting...
08:16:43.108 [] [com.netty100.cluster.core.cap-starting.0] INFO  c.n.c.c.l.StartingApplicationListener - [lambda$logStarting$0,244] - kernel is starting...
08:16:44.110 [] [com.netty100.cluster.core.cap-starting.0] INFO  c.n.c.c.l.StartingApplicationListener - [lambda$logStarting$0,244] - kernel is starting...
08:16:45.126 [] [com.netty100.cluster.core.cap-starting.0] INFO  c.n.c.c.l.StartingApplicationListener - [lambda$logStarting$0,244] - kernel is starting...
08:16:46.129 [] [com.netty100.cluster.core.cap-starting.0] INFO  c.n.c.c.l.StartingApplicationListener - [lambda$logStarting$0,244] - kernel is starting...
08:16:47.141 [] [com.netty100.cluster.core.cap-starting.0] INFO  c.n.c.c.l.StartingApplicationListener - [lambda$logStarting$0,244] - kernel is starting...
08:16:48.155 [] [com.netty100.cluster.core.cap-starting.0] INFO  c.n.c.c.l.StartingApplicationListener - [lambda$logStarting$0,244] - kernel is starting...
08:16:49.167 [] [com.netty100.cluster.core.cap-starting.0] INFO  c.n.c.c.l.StartingApplicationListener - [lambda$logStarting$0,244] - kernel is starting...
08:16:50.180 [] [com.netty100.cluster.core.cap-starting.0] INFO  c.n.c.c.l.StartingApplicationListener - [lambda$logStarting$0,244] - kernel is starting...
08:16:51.195 [] [com.netty100.cluster.core.cap-starting.0] INFO  c.n.c.c.l.StartingApplicationListener - [lambda$logStarting$0,244] - kernel is starting...
08:16:52.198 [] [com.netty100.cluster.core.cap-starting.0] INFO  c.n.c.c.l.StartingApplicationListener - [lambda$logStarting$0,244] - kernel is starting...
08:16:53.210 [] [com.netty100.cluster.core.cap-starting.0] INFO  c.n.c.c.l.StartingApplicationListener - [lambda$logStarting$0,244] - kernel is starting...
08:16:54.226 [] [com.netty100.cluster.core.cap-starting.0] INFO  c.n.c.c.l.StartingApplicationListener - [lambda$logStarting$0,244] - kernel is starting...
08:16:55.239 [] [com.netty100.cluster.core.cap-starting.0] INFO  c.n.c.c.l.StartingApplicationListener - [lambda$logStarting$0,244] - kernel is starting...
08:16:56.241 [] [com.netty100.cluster.core.cap-starting.0] INFO  c.n.c.c.l.StartingApplicationListener - [lambda$logStarting$0,244] - kernel is starting...
08:16:57.256 [] [com.netty100.cluster.core.cap-starting.0] INFO  c.n.c.c.l.StartingApplicationListener - [lambda$logStarting$0,244] - kernel is starting...
08:16:58.270 [] [com.netty100.cluster.core.cap-starting.0] INFO  c.n.c.c.l.StartingApplicationListener - [lambda$logStarting$0,244] - kernel is starting...
08:16:59.281 [] [com.netty100.cluster.core.cap-starting.0] INFO  c.n.c.c.l.StartingApplicationListener - [lambda$logStarting$0,244] - kernel is starting...
08:17:00.284 [] [com.netty100.cluster.core.cap-starting.0] INFO  c.n.c.c.l.StartingApplicationListener - [lambda$logStarting$0,244] - kernel is starting...
08:17:01.297 [] [com.netty100.cluster.core.cap-starting.0] INFO  c.n.c.c.l.StartingApplicationListener - [lambda$logStarting$0,244] - kernel is starting...
08:17:02.312 [] [com.netty100.cluster.core.cap-starting.0] INFO  c.n.c.c.l.StartingApplicationListener - [lambda$logStarting$0,244] - kernel is starting...
08:17:03.323 [] [com.netty100.cluster.core.cap-starting.0] INFO  c.n.c.c.l.StartingApplicationListener - [lambda$logStarting$0,244] - kernel is starting...
08:17:04.338 [] [com.netty100.cluster.core.cap-starting.0] INFO  c.n.c.c.l.StartingApplicationListener - [lambda$logStarting$0,244] - kernel is starting...
08:17:05.348 [] [com.netty100.cluster.core.cap-starting.0] INFO  c.n.c.c.l.StartingApplicationListener - [lambda$logStarting$0,244] - kernel is starting...
08:17:06.351 [] [com.netty100.cluster.core.cap-starting.0] INFO  c.n.c.c.l.StartingApplicationListener - [lambda$logStarting$0,244] - kernel is starting...
08:17:07.365 [] [com.netty100.cluster.core.cap-starting.0] INFO  c.n.c.c.l.StartingApplicationListener - [lambda$logStarting$0,244] - kernel is starting...
08:17:08.376 [] [com.netty100.cluster.core.cap-starting.0] INFO  c.n.c.c.l.StartingApplicationListener - [lambda$logStarting$0,244] - kernel is starting...
08:17:09.390 [] [com.netty100.cluster.core.cap-starting.0] INFO  c.n.c.c.l.StartingApplicationListener - [lambda$logStarting$0,244] - kernel is starting...
08:17:10.396 [] [com.netty100.cluster.core.cap-starting.0] INFO  c.n.c.c.l.StartingApplicationListener - [lambda$logStarting$0,244] - kernel is starting...
08:17:11.410 [] [com.netty100.cluster.core.cap-starting.0] INFO  c.n.c.c.l.StartingApplicationListener - [lambda$logStarting$0,244] - kernel is starting...
08:17:12.421 [] [com.netty100.cluster.core.cap-starting.0] INFO  c.n.c.c.l.StartingApplicationListener - [lambda$logStarting$0,244] - kernel is starting...
08:17:13.424 [] [com.netty100.cluster.core.cap-starting.0] INFO  c.n.c.c.l.StartingApplicationListener - [lambda$logStarting$0,244] - kernel is starting...
08:17:14.440 [] [com.netty100.cluster.core.cap-starting.0] INFO  c.n.c.c.l.StartingApplicationListener - [lambda$logStarting$0,244] - kernel is starting...
08:17:15.444 [] [com.netty100.cluster.core.cap-starting.0] INFO  c.n.c.c.l.StartingApplicationListener - [lambda$logStarting$0,244] - kernel is starting...
08:17:16.453 [] [com.netty100.cluster.core.cap-starting.0] INFO  c.n.c.c.l.StartingApplicationListener - [lambda$logStarting$0,244] - kernel is starting...
08:17:17.468 [] [com.netty100.cluster.core.cap-starting.0] INFO  c.n.c.c.l.StartingApplicationListener - [lambda$logStarting$0,244] - kernel is starting...
08:17:18.479 [] [com.netty100.cluster.core.cap-starting.0] INFO  c.n.c.c.l.StartingApplicationListener - [lambda$logStarting$0,244] - kernel is starting...
08:17:19.494 [] [com.netty100.cluster.core.cap-starting.0] INFO  c.n.c.c.l.StartingApplicationListener - [lambda$logStarting$0,244] - kernel is starting...
08:17:20.508 [] [com.netty100.cluster.core.cap-starting.0] INFO  c.n.c.c.l.StartingApplicationListener - [lambda$logStarting$0,244] - kernel is starting...
08:17:21.523 [] [com.netty100.cluster.core.cap-starting.0] INFO  c.n.c.c.l.StartingApplicationListener - [lambda$logStarting$0,244] - kernel is starting...
08:17:22.537 [] [com.netty100.cluster.core.cap-starting.0] INFO  c.n.c.c.l.StartingApplicationListener - [lambda$logStarting$0,244] - kernel is starting...
08:17:23.547 [] [com.netty100.cluster.core.cap-starting.0] INFO  c.n.c.c.l.StartingApplicationListener - [lambda$logStarting$0,244] - kernel is starting...
08:17:24.550 [] [com.netty100.cluster.core.cap-starting.0] INFO  c.n.c.c.l.StartingApplicationListener - [lambda$logStarting$0,244] - kernel is starting...
08:17:25.561 [] [com.netty100.cluster.core.cap-starting.0] INFO  c.n.c.c.l.StartingApplicationListener - [lambda$logStarting$0,244] - kernel is starting...
08:17:26.573 [] [com.netty100.cluster.core.cap-starting.0] INFO  c.n.c.c.l.StartingApplicationListener - [lambda$logStarting$0,244] - kernel is starting...
08:17:27.576 [] [com.netty100.cluster.core.cap-starting.0] INFO  c.n.c.c.l.StartingApplicationListener - [lambda$logStarting$0,244] - kernel is starting...
08:17:28.582 [] [com.netty100.cluster.core.cap-starting.0] INFO  c.n.c.c.l.StartingApplicationListener - [lambda$logStarting$0,244] - kernel is starting...
08:17:29.594 [] [com.netty100.cluster.core.cap-starting.0] INFO  c.n.c.c.l.StartingApplicationListener - [lambda$logStarting$0,244] - kernel is starting...
08:17:30.601 [] [com.netty100.cluster.core.cap-starting.0] INFO  c.n.c.c.l.StartingApplicationListener - [lambda$logStarting$0,244] - kernel is starting...
08:17:31.611 [] [com.netty100.cluster.core.cap-starting.0] INFO  c.n.c.c.l.StartingApplicationListener - [lambda$logStarting$0,244] - kernel is starting...
08:17:32.613 [] [com.netty100.cluster.core.cap-starting.0] INFO  c.n.c.c.l.StartingApplicationListener - [lambda$logStarting$0,244] - kernel is starting...
08:17:33.626 [] [com.netty100.cluster.core.cap-starting.0] INFO  c.n.c.c.l.StartingApplicationListener - [lambda$logStarting$0,244] - kernel is starting...
08:17:34.636 [] [com.netty100.cluster.core.cap-starting.0] INFO  c.n.c.c.l.StartingApplicationListener - [lambda$logStarting$0,244] - kernel is starting...
08:17:35.649 [] [com.netty100.cluster.core.cap-starting.0] INFO  c.n.c.c.l.StartingApplicationListener - [lambda$logStarting$0,244] - kernel is starting...
08:17:36.655 [] [com.netty100.cluster.core.cap-starting.0] INFO  c.n.c.c.l.StartingApplicationListener - [lambda$logStarting$0,244] - kernel is starting...
08:17:37.667 [] [com.netty100.cluster.core.cap-starting.0] INFO  c.n.c.c.l.StartingApplicationListener - [lambda$logStarting$0,244] - kernel is starting...
08:17:38.680 [] [com.netty100.cluster.core.cap-starting.0] INFO  c.n.c.c.l.StartingApplicationListener - [lambda$logStarting$0,244] - kernel is starting...
08:17:39.691 [] [com.netty100.cluster.core.cap-starting.0] INFO  c.n.c.c.l.StartingApplicationListener - [lambda$logStarting$0,244] - kernel is starting...
08:17:40.702 [] [com.netty100.cluster.core.cap-starting.0] INFO  c.n.c.c.l.StartingApplicationListener - [lambda$logStarting$0,244] - kernel is starting...
08:17:41.716 [] [com.netty100.cluster.core.cap-starting.0] INFO  c.n.c.c.l.StartingApplicationListener - [lambda$logStarting$0,244] - kernel is starting...
08:17:42.726 [] [com.netty100.cluster.core.cap-starting.0] INFO  c.n.c.c.l.StartingApplicationListener - [lambda$logStarting$0,244] - kernel is starting...
08:17:43.734 [] [com.netty100.cluster.core.cap-starting.0] INFO  c.n.c.c.l.StartingApplicationListener - [lambda$logStarting$0,244] - kernel is starting...
08:17:44.745 [] [com.netty100.cluster.core.cap-starting.0] INFO  c.n.c.c.l.StartingApplicationListener - [lambda$logStarting$0,244] - kernel is starting...
08:17:45.760 [] [com.netty100.cluster.core.cap-starting.0] INFO  c.n.c.c.l.StartingApplicationListener - [lambda$logStarting$0,244] - kernel is starting...
08:17:46.762 [] [com.netty100.cluster.core.cap-starting.0] INFO  c.n.c.c.l.StartingApplicationListener - [lambda$logStarting$0,244] - kernel is starting...
08:17:47.772 [] [com.netty100.cluster.core.cap-starting.0] INFO  c.n.c.c.l.StartingApplicationListener - [lambda$logStarting$0,244] - kernel is starting...
08:17:48.776 [] [com.netty100.cluster.core.cap-starting.0] INFO  c.n.c.c.l.StartingApplicationListener - [lambda$logStarting$0,244] - kernel is starting...
08:17:49.780 [] [com.netty100.cluster.core.cap-starting.0] INFO  c.n.c.c.l.StartingApplicationListener - [lambda$logStarting$0,244] - kernel is starting...
08:17:50.794 [] [com.netty100.cluster.core.cap-starting.0] INFO  c.n.c.c.l.StartingApplicationListener - [lambda$logStarting$0,244] - kernel is starting...
08:17:51.808 [] [com.netty100.cluster.core.cap-starting.0] INFO  c.n.c.c.l.StartingApplicationListener - [lambda$logStarting$0,244] - kernel is starting...
08:17:52.823 [] [com.netty100.cluster.core.cap-starting.0] INFO  c.n.c.c.l.StartingApplicationListener - [lambda$logStarting$0,244] - kernel is starting...
08:17:53.835 [] [com.netty100.cluster.core.cap-starting.0] INFO  c.n.c.c.l.StartingApplicationListener - [lambda$logStarting$0,244] - kernel is starting...
08:17:54.839 [] [com.netty100.cluster.core.cap-starting.0] INFO  c.n.c.c.l.StartingApplicationListener - [lambda$logStarting$0,244] - kernel is starting...
08:17:55.853 [] [com.netty100.cluster.core.cap-starting.0] INFO  c.n.c.c.l.StartingApplicationListener - [lambda$logStarting$0,244] - kernel is starting...
08:17:56.868 [] [com.netty100.cluster.core.cap-starting.0] INFO  c.n.c.c.l.StartingApplicationListener - [lambda$logStarting$0,244] - kernel is starting...
08:17:57.101 [] [main] INFO  c.n.cluster.core - [init,154] - kernel-related cluster resource initialization
08:17:57.109 [] [main] INFO  c.n.cluster.core - [<init>,39] - ServerMemberManager.init() -> ServerAbilityInitializerHolder.Load com.netty100.cluster.core.ability.RemoteAbilityInitializer for ServerAbilityInitializer
08:17:57.120 [] [main] INFO  c.n.cluster.core - [initKernelSys,126] - ServerListService address-server port:80
08:17:57.121 [] [main] INFO  c.n.cluster.core - [initKernelSys,127] - ADDRESS_SERVER_URL:127.0.0.1:80/api/nameserver/node/list
08:17:57.126 [] [main] INFO  c.n.cluster.core - [init,175] - The cluster resource is initialized
08:17:57.157 [] [main] INFO  com.netty100.cluster - [registerClientConnectionEventListener,80] - [ClientConnectionEventListenerRegistry] registry listener - ConnectionBasedClientManager
08:17:57.881 [] [com.netty100.cluster.core.cap-starting.0] INFO  c.n.c.c.l.StartingApplicationListener - [lambda$logStarting$0,244] - kernel is starting...
08:17:58.896 [] [com.netty100.cluster.core.cap-starting.0] INFO  c.n.c.c.l.StartingApplicationListener - [lambda$logStarting$0,244] - kernel is starting...
08:17:59.878 [] [main] INFO  c.n.cluster.core - [resetConfig,52] - Get Distro config from env, DistroConfig{syncDelayMillis=1000, syncTimeoutMillis=3000, syncRetryDelayMillis=3000, verifyIntervalMillis=5000, verifyTimeoutMillis=3000, loadDataRetryDelayMillis=30000}
08:17:59.889 [] [main] INFO  com.netty100.cluster - [registerClientConnectionEventListener,80] - [ClientConnectionEventListenerRegistry] registry listener - RpcAckCallbackInitorOrCleaner
08:17:59.897 [] [com.netty100.cluster.core.cap-starting.0] INFO  c.n.c.c.l.StartingApplicationListener - [lambda$logStarting$0,244] - kernel is starting...
08:17:59.936 [] [main] INFO  com.netty100.cluster - [start,51] - Cap GrpcClusterServer Rpc server starting at port 9982 and tls config:{"sslProvider":"","enableTls":false,"mutualAuthEnable":false,"trustAll":false,"compatibility":true}
08:17:59.972 [] [main] INFO  com.netty100.cluster - [start,55] - Cap GrpcClusterServer Rpc server started at port 9982 and tls config:{"sslProvider":"","enableTls":false,"mutualAuthEnable":false,"trustAll":false,"compatibility":true}
08:17:59.974 [] [main] INFO  com.netty100.cluster - [start,51] - Cap GrpcSdkServer Rpc server starting at port 9981 and tls config:{"sslProvider":"","enableTls":false,"mutualAuthEnable":false,"trustAll":false,"compatibility":true}
08:18:00.007 [] [main] INFO  com.netty100.cluster - [start,55] - Cap GrpcSdkServer Rpc server started at port 9981 and tls config:{"sslProvider":"","enableTls":false,"mutualAuthEnable":false,"trustAll":false,"compatibility":true}
08:18:00.029 [] [main] INFO  com.netty100.cluster - [lambda$afterConstruct$0,74] - Raft group naming_persistent_service_v1 has leader null
08:18:00.185 [] [cap.publisher-com.netty100.cluster.common.notify.SlowEvent] INFO  com.netty100.cluster - [lambda$afterConstruct$0,74] - Raft group naming_persistent_service_v1 has leader 192.168.0.34:7981
08:18:00.210 [] [main] INFO  com.netty100.cluster - [initSelectorTypes,100] - [SelectorManager] Load Selector(class com.netty100.cluster.naming.selector.NoneSelector) type(none) contextType(NONE) successfully.
08:18:00.899 [] [com.netty100.cluster.core.cap-starting.0] INFO  c.n.c.c.l.StartingApplicationListener - [lambda$logStarting$0,244] - kernel is starting...
08:18:01.910 [] [com.netty100.cluster.core.cap-starting.0] INFO  c.n.c.c.l.StartingApplicationListener - [lambda$logStarting$0,244] - kernel is starting...
08:18:02.499 [] [main] INFO  c.n.c.c.l.StartingApplicationListener - [judgeStorageMode,271] - kernel started successfully in cluster mode. use external storage
08:29:29.520 [] [main] INFO  c.n.c.c.l.StartingApplicationListener - [logClusterConf,211] - The file server IP list of Kernel is []
08:29:30.533 [] [com.netty100.cluster.core.cap-starting.0] INFO  c.n.c.c.l.StartingApplicationListener - [lambda$logStarting$0,244] - kernel is starting...
08:29:30.978 [] [main] INFO  c.n.cluster.core - [init,154] - kernel-related cluster resource initialization
08:29:30.985 [] [main] INFO  c.n.cluster.core - [<init>,39] - ServerMemberManager.init() -> ServerAbilityInitializerHolder.Load com.netty100.cluster.core.ability.RemoteAbilityInitializer for ServerAbilityInitializer
08:29:30.997 [] [main] INFO  c.n.cluster.core - [initKernelSys,126] - ServerListService address-server port:80
08:29:30.998 [] [main] INFO  c.n.cluster.core - [initKernelSys,127] - ADDRESS_SERVER_URL:127.0.0.1:80/api/nameserver/node/list
08:29:31.002 [] [main] INFO  c.n.cluster.core - [init,175] - The cluster resource is initialized
08:29:31.033 [] [main] INFO  com.netty100.cluster - [registerClientConnectionEventListener,80] - [ClientConnectionEventListenerRegistry] registry listener - ConnectionBasedClientManager
08:29:31.536 [] [com.netty100.cluster.core.cap-starting.0] INFO  c.n.c.c.l.StartingApplicationListener - [lambda$logStarting$0,244] - kernel is starting...
08:29:32.538 [] [com.netty100.cluster.core.cap-starting.0] INFO  c.n.c.c.l.StartingApplicationListener - [lambda$logStarting$0,244] - kernel is starting...
08:29:33.541 [] [com.netty100.cluster.core.cap-starting.0] INFO  c.n.c.c.l.StartingApplicationListener - [lambda$logStarting$0,244] - kernel is starting...
08:29:33.765 [] [main] INFO  c.n.cluster.core - [resetConfig,52] - Get Distro config from env, DistroConfig{syncDelayMillis=1000, syncTimeoutMillis=3000, syncRetryDelayMillis=3000, verifyIntervalMillis=5000, verifyTimeoutMillis=3000, loadDataRetryDelayMillis=30000}
08:29:33.776 [] [main] INFO  com.netty100.cluster - [registerClientConnectionEventListener,80] - [ClientConnectionEventListenerRegistry] registry listener - RpcAckCallbackInitorOrCleaner
08:29:33.824 [] [main] INFO  com.netty100.cluster - [start,51] - Cap GrpcClusterServer Rpc server starting at port 9982 and tls config:{"sslProvider":"","enableTls":false,"mutualAuthEnable":false,"trustAll":false,"compatibility":true}
08:29:33.863 [] [main] INFO  com.netty100.cluster - [start,55] - Cap GrpcClusterServer Rpc server started at port 9982 and tls config:{"sslProvider":"","enableTls":false,"mutualAuthEnable":false,"trustAll":false,"compatibility":true}
08:29:33.864 [] [main] INFO  com.netty100.cluster - [start,51] - Cap GrpcSdkServer Rpc server starting at port 9981 and tls config:{"sslProvider":"","enableTls":false,"mutualAuthEnable":false,"trustAll":false,"compatibility":true}
08:29:33.900 [] [main] INFO  com.netty100.cluster - [start,55] - Cap GrpcSdkServer Rpc server started at port 9981 and tls config:{"sslProvider":"","enableTls":false,"mutualAuthEnable":false,"trustAll":false,"compatibility":true}
08:29:33.912 [] [main] INFO  com.netty100.cluster - [lambda$afterConstruct$0,74] - Raft group naming_persistent_service_v1 has leader null
08:29:33.988 [] [cap.publisher-com.netty100.cluster.common.notify.SlowEvent] INFO  com.netty100.cluster - [lambda$afterConstruct$0,74] - Raft group naming_persistent_service_v1 has leader 192.168.0.34:7981
08:29:34.029 [] [main] INFO  com.netty100.cluster - [initSelectorTypes,100] - [SelectorManager] Load Selector(class com.netty100.cluster.naming.selector.NoneSelector) type(none) contextType(NONE) successfully.
08:29:34.543 [] [com.netty100.cluster.core.cap-starting.0] INFO  c.n.c.c.l.StartingApplicationListener - [lambda$logStarting$0,244] - kernel is starting...
08:29:35.553 [] [com.netty100.cluster.core.cap-starting.0] INFO  c.n.c.c.l.StartingApplicationListener - [lambda$logStarting$0,244] - kernel is starting...
08:29:36.382 [] [main] INFO  c.n.c.c.l.StartingApplicationListener - [judgeStorageMode,271] - kernel started successfully in cluster mode. use external storage
08:31:03.017 [] [main] INFO  c.n.c.c.l.StartingApplicationListener - [logClusterConf,211] - The file server IP list of Kernel is []
08:31:04.030 [] [com.netty100.cluster.core.cap-starting.0] INFO  c.n.c.c.l.StartingApplicationListener - [lambda$logStarting$0,244] - kernel is starting...
08:31:05.032 [] [com.netty100.cluster.core.cap-starting.0] INFO  c.n.c.c.l.StartingApplicationListener - [lambda$logStarting$0,244] - kernel is starting...
08:31:06.045 [] [com.netty100.cluster.core.cap-starting.0] INFO  c.n.c.c.l.StartingApplicationListener - [lambda$logStarting$0,244] - kernel is starting...
08:31:06.990 [] [main] INFO  c.n.cluster.core - [init,154] - kernel-related cluster resource initialization
08:31:07.001 [] [main] INFO  c.n.cluster.core - [<init>,39] - ServerMemberManager.init() -> ServerAbilityInitializerHolder.Load com.netty100.cluster.core.ability.RemoteAbilityInitializer for ServerAbilityInitializer
08:31:07.017 [] [main] INFO  c.n.cluster.core - [initKernelSys,126] - ServerListService address-server port:80
08:31:07.017 [] [main] INFO  c.n.cluster.core - [initKernelSys,127] - ADDRESS_SERVER_URL:127.0.0.1:80/api/nameserver/node/list
08:31:07.023 [] [main] INFO  c.n.cluster.core - [init,175] - The cluster resource is initialized
08:31:07.055 [] [com.netty100.cluster.core.cap-starting.0] INFO  c.n.c.c.l.StartingApplicationListener - [lambda$logStarting$0,244] - kernel is starting...
08:31:07.066 [] [main] INFO  com.netty100.cluster - [registerClientConnectionEventListener,80] - [ClientConnectionEventListenerRegistry] registry listener - ConnectionBasedClientManager
08:31:08.068 [] [com.netty100.cluster.core.cap-starting.0] INFO  c.n.c.c.l.StartingApplicationListener - [lambda$logStarting$0,244] - kernel is starting...
08:31:09.071 [] [com.netty100.cluster.core.cap-starting.0] INFO  c.n.c.c.l.StartingApplicationListener - [lambda$logStarting$0,244] - kernel is starting...
08:31:10.075 [] [com.netty100.cluster.core.cap-starting.0] INFO  c.n.c.c.l.StartingApplicationListener - [lambda$logStarting$0,244] - kernel is starting...
08:31:10.342 [] [main] INFO  c.n.cluster.core - [resetConfig,52] - Get Distro config from env, DistroConfig{syncDelayMillis=1000, syncTimeoutMillis=3000, syncRetryDelayMillis=3000, verifyIntervalMillis=5000, verifyTimeoutMillis=3000, loadDataRetryDelayMillis=30000}
08:31:10.359 [] [main] INFO  com.netty100.cluster - [registerClientConnectionEventListener,80] - [ClientConnectionEventListenerRegistry] registry listener - RpcAckCallbackInitorOrCleaner
08:31:10.434 [] [main] INFO  com.netty100.cluster - [start,51] - Cap GrpcClusterServer Rpc server starting at port 9982 and tls config:{"sslProvider":"","enableTls":false,"mutualAuthEnable":false,"trustAll":false,"compatibility":true}
08:31:10.480 [] [main] INFO  com.netty100.cluster - [start,55] - Cap GrpcClusterServer Rpc server started at port 9982 and tls config:{"sslProvider":"","enableTls":false,"mutualAuthEnable":false,"trustAll":false,"compatibility":true}
08:31:10.482 [] [main] INFO  com.netty100.cluster - [start,51] - Cap GrpcSdkServer Rpc server starting at port 9981 and tls config:{"sslProvider":"","enableTls":false,"mutualAuthEnable":false,"trustAll":false,"compatibility":true}
08:31:10.518 [] [main] INFO  com.netty100.cluster - [start,55] - Cap GrpcSdkServer Rpc server started at port 9981 and tls config:{"sslProvider":"","enableTls":false,"mutualAuthEnable":false,"trustAll":false,"compatibility":true}
08:31:10.535 [] [main] INFO  com.netty100.cluster - [lambda$afterConstruct$0,74] - Raft group naming_persistent_service_v1 has leader null
08:31:10.643 [] [cap.publisher-com.netty100.cluster.common.notify.SlowEvent] INFO  com.netty100.cluster - [lambda$afterConstruct$0,74] - Raft group naming_persistent_service_v1 has leader 192.168.0.34:7981
08:31:10.685 [] [main] INFO  com.netty100.cluster - [initSelectorTypes,100] - [SelectorManager] Load Selector(class com.netty100.cluster.naming.selector.NoneSelector) type(none) contextType(NONE) successfully.
08:31:11.081 [] [com.netty100.cluster.core.cap-starting.0] INFO  c.n.c.c.l.StartingApplicationListener - [lambda$logStarting$0,244] - kernel is starting...
08:31:12.096 [] [com.netty100.cluster.core.cap-starting.0] INFO  c.n.c.c.l.StartingApplicationListener - [lambda$logStarting$0,244] - kernel is starting...
08:31:13.108 [] [com.netty100.cluster.core.cap-starting.0] INFO  c.n.c.c.l.StartingApplicationListener - [lambda$logStarting$0,244] - kernel is starting...
08:31:13.652 [] [main] INFO  c.n.c.c.l.StartingApplicationListener - [judgeStorageMode,271] - kernel started successfully in cluster mode. use external storage
